<?xml version="1.0" encoding="UTF-8" standalone="no"?>
<testsuite failures="0" name="cucumber.runtime.formatter.JUnitFormatter" skipped="0" tests="1" time="22.051287">
<testcase classname="Test sauceDemo WebSite - WizeLine QA Automation BootCamp" name="Check in MainPage add multiple products" time="22.051287">
<system-out><![CDATA[Given user is on LOGIN page Scenario........................................passed
When user enter userName and password.......................................passed
And clicks on LOGIN button..................................................passed
Then user add multiple products.............................................passed
And basket products are checked.............................................passed
]]></system-out>
</testcase>
</testsuite>
